<?xml version="1.0" encoding="UTF-8"?>
<!-- Generated by org.testng.reporters.JUnitReportReporter -->
<testsuite hostname="IN-8SXY9K3" failures="0" tests="1" name="Bench_Tranning.Bench_Tranning.AppTest" time="54.923" errors="0" timestamp="2023-10-25T13:24:48 IST" skipped="0">
  <testcase classname="Bench_Tranning.Bench_Tranning.AppTest" name="Testgoogle" time="54.923"/>
</testsuite> <!-- Bench_Tranning.Bench_Tranning.AppTest -->
